<?xml version="1.0" encoding="UTF-8"?>
<robot generator="Robot 5.0.1 (Python 3.10.5 on win32)" generated="20220825 11:34:05.274" rpa="false" schemaversion="3">
<suite id="s1" name="Consulta Petz" source="C:\Iterasys\robot_framework\133PetsRobotFramework\consulta_petz.robot">
<test id="s1-t1" name="Consulta produto clicando na lupa" line="17">
<kw name="Dado que acesso o site como cliente">
<kw name="Open Browser" library="SeleniumLibrary">
<arg>${url}</arg>
<arg>${browser}</arg>
<doc>Opens a new browser instance to the optional ``url``.</doc>
<msg timestamp="20220825 11:34:05.967" level="INFO">Opening browser 'Chrome' to base url 'https://www.petz.com.br'.</msg>
<status status="PASS" starttime="20220825 11:34:05.967" endtime="20220825 11:34:19.837"/>
</kw>
<status status="PASS" starttime="20220825 11:34:05.967" endtime="20220825 11:34:19.837"/>
</kw>
<kw name="Quando escrevo &quot;Ração&quot; na barra de pesquisa" sourcename="Quando escrevo &quot;${termo}&quot; na barra de pesquisa">
<kw name="Set Test Variable" library="BuiltIn">
<arg>${termo}</arg>
<doc>Makes a variable available everywhere within the scope of the current test.</doc>
<msg timestamp="20220825 11:34:19.842" level="INFO">${termo} = Ração</msg>
<status status="PASS" starttime="20220825 11:34:19.837" endtime="20220825 11:34:19.842"/>
</kw>
<kw name="Input Text" library="SeleniumLibrary">
<arg>id = search</arg>
<arg>${termo}</arg>
<doc>Types the given ``text`` into the text field identified by ``locator``.</doc>
<msg timestamp="20220825 11:34:19.842" level="INFO">Typing text 'Ração' into text field 'id = search'.</msg>
<status status="PASS" starttime="20220825 11:34:19.842" endtime="20220825 11:34:20.256"/>
</kw>
<status status="PASS" starttime="20220825 11:34:19.837" endtime="20220825 11:34:20.256"/>
</kw>
<kw name="E clico no botão da lupa">
<kw name="Click Button" library="SeleniumLibrary">
<arg>class = button-search</arg>
<doc>Clicks the button identified by ``locator``.</doc>
<msg timestamp="20220825 11:34:20.264" level="INFO">Clicking button 'class = button-search'.</msg>
<status status="PASS" starttime="20220825 11:34:20.256" endtime="20220825 11:34:20.437"/>
</kw>
<status status="PASS" starttime="20220825 11:34:20.256" endtime="20220825 11:34:20.437"/>
</kw>
<kw name="Entao exibe um grid e a frase do resultado esperado">
<kw name="Convert To Upper Case" library="String">
<var>${termo}</var>
<arg>${termo}</arg>
<doc>Converts string to upper case.</doc>
<msg timestamp="20220825 11:34:20.437" level="INFO">${termo} = RAÇÃO</msg>
<status status="PASS" starttime="20220825 11:34:20.437" endtime="20220825 11:34:20.437"/>
</kw>
<kw name="Element Should Contain" library="SeleniumLibrary">
<arg>css = h1.h2Categoria.nomeCategoria</arg>
<arg>RESULTADOS PARA "${termo}"</arg>
<doc>Verifies that element ``locator`` contains text ``expected``.</doc>
<msg timestamp="20220825 11:34:22.651" level="INFO" html="true">&lt;/td&gt;&lt;/tr&gt;&lt;tr&gt;&lt;td colspan="3"&gt;&lt;a href="selenium-screenshot-6.png"&gt;&lt;img src="selenium-screenshot-6.png" width="800px"&gt;&lt;/a&gt;</msg>
<msg timestamp="20220825 11:34:22.657" level="FAIL">Element with locator 'css = h1.h2Categoria.nomeCategoria' not found.</msg>
<status status="FAIL" starttime="20220825 11:34:20.437" endtime="20220825 11:34:22.659"/>
</kw>
<status status="FAIL" starttime="20220825 11:34:20.437" endtime="20220825 11:34:22.659"/>
</kw>
<kw name="Close Browser" library="SeleniumLibrary" type="TEARDOWN">
<doc>Closes the current browser.</doc>
<status status="PASS" starttime="20220825 11:34:22.659" endtime="20220825 11:34:24.866"/>
</kw>
<tag>rapido</tag>
<status status="FAIL" starttime="20220825 11:34:05.967" endtime="20220825 11:34:24.866">Element with locator 'css = h1.h2Categoria.nomeCategoria' not found.</status>
</test>
<test id="s1-t2" name="Consulta produto clicando no enter" line="24">
<kw name="Dado que acesso o site como cliente">
<kw name="Open Browser" library="SeleniumLibrary">
<arg>${url}</arg>
<arg>${browser}</arg>
<doc>Opens a new browser instance to the optional ``url``.</doc>
<msg timestamp="20220825 11:34:24.877" level="INFO">Opening browser 'Chrome' to base url 'https://www.petz.com.br'.</msg>
<status status="PASS" starttime="20220825 11:34:24.866" endtime="20220825 11:34:34.187"/>
</kw>
<status status="PASS" starttime="20220825 11:34:24.866" endtime="20220825 11:34:34.187"/>
</kw>
<kw name="Quando escrevo &quot;Ração&quot; na barra de pesquisa" sourcename="Quando escrevo &quot;${termo}&quot; na barra de pesquisa">
<kw name="Set Test Variable" library="BuiltIn">
<arg>${termo}</arg>
<doc>Makes a variable available everywhere within the scope of the current test.</doc>
<msg timestamp="20220825 11:34:34.196" level="INFO">${termo} = Ração</msg>
<status status="PASS" starttime="20220825 11:34:34.196" endtime="20220825 11:34:34.196"/>
</kw>
<kw name="Input Text" library="SeleniumLibrary">
<arg>id = search</arg>
<arg>${termo}</arg>
<doc>Types the given ``text`` into the text field identified by ``locator``.</doc>
<msg timestamp="20220825 11:34:34.196" level="INFO">Typing text 'Ração' into text field 'id = search'.</msg>
<status status="PASS" starttime="20220825 11:34:34.196" endtime="20220825 11:34:34.407"/>
</kw>
<status status="PASS" starttime="20220825 11:34:34.196" endtime="20220825 11:34:34.407"/>
</kw>
<kw name="E aperto a tecla enter">
<kw name="Press Keys" library="SeleniumLibrary">
<arg>name = q</arg>
<arg>ENTER</arg>
<doc>Simulates the user pressing key(s) to an element or on the active browser.</doc>
<msg timestamp="20220825 11:34:34.416" level="INFO">Sending key(s) ('ENTER',) to name = q element.</msg>
<msg timestamp="20220825 11:34:34.886" level="INFO">Pressing special key ENTER to element.</msg>
<msg timestamp="20220825 11:34:34.886" level="INFO">Releasing special key ENTER.</msg>
<status status="PASS" starttime="20220825 11:34:34.416" endtime="20220825 11:34:34.926"/>
</kw>
<status status="PASS" starttime="20220825 11:34:34.416" endtime="20220825 11:34:34.926"/>
</kw>
<kw name="Entao exibe um grid e a frase do resultado esperado">
<kw name="Convert To Upper Case" library="String">
<var>${termo}</var>
<arg>${termo}</arg>
<doc>Converts string to upper case.</doc>
<msg timestamp="20220825 11:34:34.926" level="INFO">${termo} = RAÇÃO</msg>
<status status="PASS" starttime="20220825 11:34:34.926" endtime="20220825 11:34:34.926"/>
</kw>
<kw name="Element Should Contain" library="SeleniumLibrary">
<arg>css = h1.h2Categoria.nomeCategoria</arg>
<arg>RESULTADOS PARA "${termo}"</arg>
<doc>Verifies that element ``locator`` contains text ``expected``.</doc>
<msg timestamp="20220825 11:34:37.457" level="INFO" html="true">&lt;/td&gt;&lt;/tr&gt;&lt;tr&gt;&lt;td colspan="3"&gt;&lt;a href="selenium-screenshot-7.png"&gt;&lt;img src="selenium-screenshot-7.png" width="800px"&gt;&lt;/a&gt;</msg>
<msg timestamp="20220825 11:34:37.457" level="FAIL">Element with locator 'css = h1.h2Categoria.nomeCategoria' not found.</msg>
<status status="FAIL" starttime="20220825 11:34:34.926" endtime="20220825 11:34:37.457"/>
</kw>
<status status="FAIL" starttime="20220825 11:34:34.926" endtime="20220825 11:34:37.457"/>
</kw>
<kw name="Close Browser" library="SeleniumLibrary" type="TEARDOWN">
<doc>Closes the current browser.</doc>
<status status="PASS" starttime="20220825 11:34:37.466" endtime="20220825 11:34:39.694"/>
</kw>
<tag>rapido</tag>
<status status="FAIL" starttime="20220825 11:34:24.866" endtime="20220825 11:34:39.694">Element with locator 'css = h1.h2Categoria.nomeCategoria' not found.</status>
</test>
<doc>Consultas no site da Petz</doc>
<status status="FAIL" starttime="20220825 11:34:05.282" endtime="20220825 11:34:39.694"/>
</suite>
<statistics>
<total>
<stat pass="0" fail="2" skip="0">All Tests</stat>
</total>
<tag>
<stat pass="0" fail="2" skip="0">rapido</stat>
</tag>
<suite>
<stat pass="0" fail="2" skip="0" id="s1" name="Consulta Petz">Consulta Petz</stat>
</suite>
</statistics>
<errors>
<msg timestamp="20220825 11:34:05.947" level="ERROR">Error in file 'C:\Iterasys\robot_framework\133PetsRobotFramework\consulta_petz.robot' on line 5: Importing library 'OperationSystem' failed: ModuleNotFoundError: No module named 'OperationSystem'
Traceback (most recent call last):
  None
PYTHONPATH:
  C:\Iterasys\robot_framework\133PetsRobotFramework\venv\Scripts\robot.exe
  C:\Users\silva\OneDrive\Documentos\Python10.2\python310.zip
  C:\Users\silva\OneDrive\Documentos\Python10.2\DLLs
  C:\Users\silva\OneDrive\Documentos\Python10.2\lib
  C:\Users\silva\OneDrive\Documentos\Python10.2
  C:\Iterasys\robot_framework\133PetsRobotFramework\venv
  C:\Iterasys\robot_framework\133PetsRobotFramework\venv\lib\site-packages</msg>
</errors>
</robot>
